[2017-03-28 17:15:02] BASE.ERROR: BASE EXCEPTION : [0][file lost: App/Inax/Model/ConfigModel.php] FILE [Lib\Core\Autoload] LINE [35] [] []
[2017-03-28 17:15:02] BASE.WARNING: EXCEPTION FILE [Lib\Core\Autoload] LINE [28] [0] []
[2017-03-28 17:15:02] BASE.WARNING: EXCEPTION FILE [Lib\Core\Autoload] LINE [35] [1] []
[2017-03-28 17:15:02] BASE.WARNING: EXCEPTION FILE [] LINE [] [2] []
[2017-03-28 17:15:02] BASE.WARNING: EXCEPTION FILE [App\School\Middleware\L] LINE [27] [3] []
[2017-03-28 17:15:02] BASE.WARNING: EXCEPTION FILE [Lib\Core\Autoload] LINE [52] [4] []
[2017-03-28 17:15:02] BASE.WARNING: EXCEPTION FILE [Lib\Function\Core] LINE [22] [5] []
[2017-03-28 17:15:02] BASE.WARNING: EXCEPTION FILE [Lib\Base\Middleware] LINE [14] [6] []
[2017-03-28 17:15:02] BASE.WARNING: EXCEPTION FILE [App\School\Controller\UserController] LINE [20] [7] []
[2017-03-28 17:15:02] BASE.WARNING: EXCEPTION FILE [Lib\Core\Autoload] LINE [52] [8] []
[2017-03-28 17:15:02] BASE.WARNING: EXCEPTION FILE [Lib\Function\Core] LINE [22] [9] []
[2017-03-28 17:15:02] BASE.WARNING: EXCEPTION FILE [Lib\Base\Route] LINE [78] [10] []
[2017-03-28 17:15:02] BASE.WARNING: EXCEPTION FILE [Lib\Core\Entrance] LINE [83] [11] []
[2017-03-28 17:15:02] BASE.WARNING: EXCEPTION FILE [Public\index] LINE [4] [12] []
[2017-03-28 17:17:42] ERROR.ERROR: ERROR EXCEPTION : [2][Missing argument 2 for App\School\Controller\UserController::encrypt_password(), called in /Applications/XAMPP/xamppfiles/vhosts/dmcat/App/School/Controller/UserController.php on line 66 and defined] FILE [App\School\Controller\UserController] LINE [36] [] []
[2017-03-28 17:17:42] ERROR.WARNING: EXCEPTION FILE [App\School\Controller\UserController] LINE [36] [0] []
[2017-03-28 17:17:42] ERROR.WARNING: EXCEPTION FILE [App\School\Controller\UserController] LINE [66] [1] []
[2017-03-28 17:17:42] ERROR.WARNING: EXCEPTION FILE [Lib\Base\Route] LINE [130] [2] []
[2017-03-28 17:17:42] ERROR.WARNING: EXCEPTION FILE [Lib\Core\Entrance] LINE [83] [3] []
[2017-03-28 17:17:42] ERROR.WARNING: EXCEPTION FILE [Public\index] LINE [4] [4] []
[2017-03-28 17:20:02] BASE.ERROR: BASE EXCEPTION : [0][Class 'App\School\Tool\Func' not found] FILE [App\School\Controller\UserController] LINE [41] [] []
[2017-03-28 17:20:02] BASE.WARNING: EXCEPTION FILE [App\School\Controller\UserController] LINE [41] [0] []
[2017-03-28 17:20:02] BASE.WARNING: EXCEPTION FILE [App\School\Controller\UserController] LINE [71] [1] []
[2017-03-28 17:20:02] BASE.WARNING: EXCEPTION FILE [Lib\Base\Route] LINE [130] [2] []
[2017-03-28 17:20:02] BASE.WARNING: EXCEPTION FILE [Lib\Core\Entrance] LINE [83] [3] []
[2017-03-28 17:20:02] BASE.WARNING: EXCEPTION FILE [Public\index] LINE [4] [4] []
[2017-03-28 17:20:55] BASE.ERROR: BASE EXCEPTION : [0][file lost: App/School/Controller/Response.php] FILE [Lib\Core\Autoload] LINE [35] [] []
[2017-03-28 17:20:55] BASE.WARNING: EXCEPTION FILE [Lib\Core\Autoload] LINE [28] [0] []
[2017-03-28 17:20:55] BASE.WARNING: EXCEPTION FILE [Lib\Core\Autoload] LINE [35] [1] []
[2017-03-28 17:20:55] BASE.WARNING: EXCEPTION FILE [] LINE [] [2] []
[2017-03-28 17:20:55] BASE.WARNING: EXCEPTION FILE [App\School\Controller\UserController] LINE [81] [3] []
[2017-03-28 17:20:55] BASE.WARNING: EXCEPTION FILE [App\School\Controller\UserController] LINE [71] [4] []
[2017-03-28 17:20:55] BASE.WARNING: EXCEPTION FILE [Lib\Base\Route] LINE [130] [5] []
[2017-03-28 17:20:55] BASE.WARNING: EXCEPTION FILE [Lib\Core\Entrance] LINE [83] [6] []
[2017-03-28 17:20:55] BASE.WARNING: EXCEPTION FILE [Public\index] LINE [4] [7] []
